<?xml version="1.0" encoding="UTF-8"?>
<!-- Generated by org.testng.reporters.JUnitXMLReporter -->
<testsuite ignored="2" hostname="VinayPavan" failures="0" tests="1" name="Default test" time="3.251" errors="0" timestamp="2026-03-16T11:51:30 IST">
  <testcase classname="Basics.excelDriven" name="addBookWithExcel" time="3.194"/>
  <testcase classname="Basics.excelDriven" name="addBookWithHashMap" time="0.0">
    <ignored/>
  </testcase> <!-- addBookWithHashMap -->
  <testcase classname="Basics.excelDriven" name="addBook" time="0.0">
    <ignored/>
  </testcase> <!-- addBook -->
</testsuite> <!-- Default test -->
