<?xml version="1.0" encoding="UTF-8"?>
<testng-results ignored="2" total="3" passed="1" failed="0" skipped="0">
  <reporter-output>
  </reporter-output>
  <suite started-at="2026-03-16T11:51:27 IST" name="Default suite" finished-at="2026-03-16T11:51:30 IST" duration-ms="3251">
    <groups>
    </groups>
    <test started-at="2026-03-16T11:51:27 IST" name="Default test" finished-at="2026-03-16T11:51:30 IST" duration-ms="3251">
      <class name="Basics.excelDriven">
        <test-method signature="addBookWithExcel()[pri:0, instance:Basics.excelDriven@51399530]" started-at="2026-03-16T11:51:27 IST" name="addBookWithExcel" finished-at="2026-03-16T11:51:30 IST" duration-ms="3194" status="PASS">
          <reporter-output>
          </reporter-output>
        </test-method> <!-- addBookWithExcel -->
      </class> <!-- Basics.excelDriven -->
    </test> <!-- Default test -->
  </suite> <!-- Default suite -->
</testng-results>
