<?xml version="1.0" encoding="UTF-8"?>
<!-- Generated by org.testng.reporters.JUnitReportReporter -->
<testsuite hostname="VinayPavan" failures="0" tests="4" name="Basics.DynamicJson" time="2.846" errors="0" timestamp="2026-02-24T10:51:13 IST" skipped="0">
  <testcase classname="Basics.DynamicJson" name="addBook" time="0.241"/>
  <testcase classname="Basics.DynamicJson" name="addBook" time="2.116"/>
  <testcase classname="Basics.DynamicJson" name="addBook" time="0.254"/>
  <testcase classname="Basics.DynamicJson" name="addBook" time="0.235"/>
</testsuite> <!-- Basics.DynamicJson -->
