<?xml version="1.0" encoding="UTF-8"?>
<!-- Generated by org.testng.reporters.JUnitReportReporter -->
<testsuite hostname="VinayPavan" failures="0" tests="3" name="Basics.excelDriven" time="3.194" errors="0" timestamp="2026-03-16T11:51:30 IST" skipped="2">
  <testcase classname="Basics.excelDriven" name="addBookWithExcel" time="3.194"/>
  <testcase classname="Basics.excelDriven" name="addBookWithHashMap">
    <skipped/>
  </testcase> <!-- addBookWithHashMap -->
  <testcase classname="Basics.excelDriven" name="addBook">
    <skipped/>
  </testcase> <!-- addBook -->
</testsuite> <!-- Basics.excelDriven -->
